[debug] [2023-04-21T17:33:53.468Z] ----------------------------------------------------------------------
[debug] [2023-04-21T17:33:53.470Z] Command:       C:\Program Files\nodejs\node.exe C:\Users\sofa5\AppData\Roaming\npm\node_modules\firebase-tools\lib\bin\firebase.js deploy
[debug] [2023-04-21T17:33:53.471Z] CLI Version:   11.24.1
[debug] [2023-04-21T17:33:53.471Z] Platform:      win32
[debug] [2023-04-21T17:33:53.471Z] Node Version:  v18.12.1
[debug] [2023-04-21T17:33:53.472Z] Time:          Fri Apr 21 2023 19:33:53 GMT+0200 (Eastern European Standard Time)
[debug] [2023-04-21T17:33:53.472Z] ----------------------------------------------------------------------
[debug] 
[debug] [2023-04-21T17:33:53.542Z] > command requires scopes: ["email","openid","https://www.googleapis.com/auth/cloudplatformprojects.readonly","https://www.googleapis.com/auth/firebase","https://www.googleapis.com/auth/cloud-platform"]
[debug] [2023-04-21T17:33:53.543Z] > authorizing via signed-in user (sofa5060@gmail.com)
[debug] [2023-04-21T17:33:53.543Z] [iam] checking project kmt-tours for permissions ["firebase.projects.get","firebasehosting.sites.update"]
[debug] [2023-04-21T17:33:53.545Z] >>> [apiv2][query] POST https://cloudresourcemanager.googleapis.com/v1/projects/kmt-tours:testIamPermissions [none]
[debug] [2023-04-21T17:33:53.546Z] >>> [apiv2][(partial)header] POST https://cloudresourcemanager.googleapis.com/v1/projects/kmt-tours:testIamPermissions x-goog-quota-user=projects/kmt-tours
[debug] [2023-04-21T17:33:53.546Z] >>> [apiv2][body] POST https://cloudresourcemanager.googleapis.com/v1/projects/kmt-tours:testIamPermissions {"permissions":["firebase.projects.get","firebasehosting.sites.update"]}
[debug] [2023-04-21T17:33:53.589Z] [iam] error while checking permissions, command may fail: FirebaseError: Failed to make request to https://cloudresourcemanager.googleapis.com/v1/projects/kmt-tours:testIamPermissions
[debug] [2023-04-21T17:33:53.590Z] >>> [apiv2][query] GET https://firebase.googleapis.com/v1beta1/projects/kmt-tours [none]
[debug] [2023-04-21T17:33:53.595Z] Failed to make request to https://firebase.googleapis.com/v1beta1/projects/kmt-tours
[debug] [2023-04-21T17:33:53.602Z] FirebaseError: Failed to make request to https://firebase.googleapis.com/v1beta1/projects/kmt-tours
    at RetryOperation._fn (C:\Users\sofa5\AppData\Roaming\npm\node_modules\firebase-tools\lib\apiv2.js:242:31)
    at process.processTicksAndRejections (node:internal/process/task_queues:95:5)
[error] 
[error] Error: Failed to get Firebase project kmt-tours. Please make sure the project exists and your account has permission to access it.
[debug] [2023-04-21T17:35:05.427Z] ----------------------------------------------------------------------
[debug] [2023-04-21T17:35:05.429Z] Command:       C:\Program Files\nodejs\node.exe C:\Users\sofa5\AppData\Roaming\npm\node_modules\firebase-tools\lib\bin\firebase.js deploy
[debug] [2023-04-21T17:35:05.429Z] CLI Version:   11.24.1
[debug] [2023-04-21T17:35:05.430Z] Platform:      win32
[debug] [2023-04-21T17:35:05.430Z] Node Version:  v18.12.1
[debug] [2023-04-21T17:35:05.431Z] Time:          Fri Apr 21 2023 19:35:05 GMT+0200 (Eastern European Standard Time)
[debug] [2023-04-21T17:35:05.431Z] ----------------------------------------------------------------------
[debug] 
[debug] [2023-04-21T17:35:05.500Z] > command requires scopes: ["email","openid","https://www.googleapis.com/auth/cloudplatformprojects.readonly","https://www.googleapis.com/auth/firebase","https://www.googleapis.com/auth/cloud-platform"]
[debug] [2023-04-21T17:35:05.501Z] > authorizing via signed-in user (sofa5060@gmail.com)
[debug] [2023-04-21T17:35:05.501Z] [iam] checking project kmt-tours for permissions ["firebase.projects.get","firebasehosting.sites.update"]
[debug] [2023-04-21T17:35:05.503Z] >>> [apiv2][query] POST https://cloudresourcemanager.googleapis.com/v1/projects/kmt-tours:testIamPermissions [none]
[debug] [2023-04-21T17:35:05.504Z] >>> [apiv2][(partial)header] POST https://cloudresourcemanager.googleapis.com/v1/projects/kmt-tours:testIamPermissions x-goog-quota-user=projects/kmt-tours
[debug] [2023-04-21T17:35:05.504Z] >>> [apiv2][body] POST https://cloudresourcemanager.googleapis.com/v1/projects/kmt-tours:testIamPermissions {"permissions":["firebase.projects.get","firebasehosting.sites.update"]}
[debug] [2023-04-21T17:35:06.766Z] <<< [apiv2][status] POST https://cloudresourcemanager.googleapis.com/v1/projects/kmt-tours:testIamPermissions 200
[debug] [2023-04-21T17:35:06.766Z] <<< [apiv2][body] POST https://cloudresourcemanager.googleapis.com/v1/projects/kmt-tours:testIamPermissions {"permissions":["firebase.projects.get","firebasehosting.sites.update"]}
[debug] [2023-04-21T17:35:06.768Z] >>> [apiv2][query] GET https://firebase.googleapis.com/v1beta1/projects/kmt-tours [none]
[debug] [2023-04-21T17:35:07.370Z] <<< [apiv2][status] GET https://firebase.googleapis.com/v1beta1/projects/kmt-tours 200
[debug] [2023-04-21T17:35:07.371Z] <<< [apiv2][body] GET https://firebase.googleapis.com/v1beta1/projects/kmt-tours {"projectId":"kmt-tours","projectNumber":"813518588211","displayName":"KMT Tours","name":"projects/kmt-tours","resources":{"hostingSite":"kmt-tours"},"state":"ACTIVE","etag":"1_c723dd8d-08b3-4d82-b3d1-dff4804d372c"}
[info] 
[info] === Deploying to 'kmt-tours'...
[info] 
[info] i  deploying hosting 
[debug] [2023-04-21T17:35:07.378Z] >>> [apiv2][query] POST https://firebasehosting.googleapis.com/v1beta1/projects/-/sites/kmt-tours/versions [none]
[debug] [2023-04-21T17:35:07.378Z] >>> [apiv2][body] POST https://firebasehosting.googleapis.com/v1beta1/projects/-/sites/kmt-tours/versions {"status":"CREATED","labels":{"deployment-tool":"cli-firebase"}}
[debug] [2023-04-21T17:35:08.948Z] <<< [apiv2][status] POST https://firebasehosting.googleapis.com/v1beta1/projects/-/sites/kmt-tours/versions 200
[debug] [2023-04-21T17:35:08.948Z] <<< [apiv2][body] POST https://firebasehosting.googleapis.com/v1beta1/projects/-/sites/kmt-tours/versions {"name":"projects/813518588211/sites/kmt-tours/versions/365723600544ff94","status":"CREATED","config":{},"labels":{"deployment-tool":"cli-firebase"}}
[info] i  hosting[kmt-tours]: beginning deploy... 
[info] i  hosting[kmt-tours]: found 33 files in build 
[debug] [2023-04-21T17:35:08.965Z] [hosting] uploading with 200 concurrency
[debug] [2023-04-21T17:35:08.973Z] [hosting] hash cache [YnVpbGQ] stored for 33 files
[debug] [2023-04-21T17:35:08.973Z] [hosting][hash queue][FINAL] {"max":3,"min":1,"avg":1,"active":0,"complete":33,"success":33,"errored":0,"retried":0,"total":33,"elapsed":6}
[debug] [2023-04-21T17:35:08.974Z] >>> [apiv2][query] POST https://firebasehosting.googleapis.com/v1beta1/projects/813518588211/sites/kmt-tours/versions/365723600544ff94:populateFiles [none]
[debug] [2023-04-21T17:35:08.974Z] >>> [apiv2][body] POST https://firebasehosting.googleapis.com/v1beta1/projects/813518588211/sites/kmt-tours/versions/365723600544ff94:populateFiles {"files":{"/apple-touch-icon.png":"9b41004e0840eb5737bb689894b6c0f21fbdeb167f36881350cbd512a95d1ea4\r","/asset-manifest.json":"6315befe78e04ad3c0a9e1d88aa21533ed9b29d43fccb5f68f2d0677c325c6fd","/favicon.ico":"f57079e984702dab7042d722681f59f349033838b9b75407e4d3f8173254ae2a\r","/index.html":"e750e634171b598694c2d9dffc591f0c726972a0487af139dc920b935af106ad","/logo192.png":"757a0c4e85701b8bccb400ab32af11ad28410827fa12825d7a479745fb4f16a5\r","/logo512.png":"21724b39eef54b69e61da95084cf37fc9eb18df29d167bd37a9d60ba393d6788\r","/manifest.json":"33390829e0363ae4589c9f9f0df1f5a95c716a25a30024d7d96878b346b4a701\r","/robots.txt":"bfe106a3fb878dc83461c86818bf74fc1bdc7f28538ba613cd3e775516ce8b49\r","/static/css/main.b894062f.css":"150ea43938553e41112af62abe603dd4331f032decc4510e2fbb0bf7d1c68608","/static/css/main.b894062f.css.map":"f85cf32bcb79fce55ebeb46305daa80b92ccbc8609dcda74a9a36af8807f2f79","/static/js/787.e25cb66e.chunk.js":"fa17a536f318bceb376614bbd2a3154da7c32a894d2eb8769e2610325eb39c29","/static/js/787.e25cb66e.chunk.js.map":"c68d6ee954a30d6e7d26e7fc5ac7cbb1a0a48797ee5205aae2b077b77eec3035","/static/js/main.3fad5c41.js":"bcec5c8c8d1617971c725a1a9be4572bd0422853a5b4f1a071f39c50be2e9cfc","/static/js/main.3fad5c41.js.LICENSE.txt":"c339af9168c15cef1c10cbed69bf61d78914e7c858f5df4d8b218796552f516c","/static/js/main.3fad5c41.js.map":"23f4d510536156ca15fa2876d854f6765b1142e0cfcaff8d9e9a6d91384877a9","/static/media/clock.6bb0de42bea7606d7e906d0739821e12.svg":"46beb4c3f9ce688cfcb043153e5bc429d7b981ef47dfe6103ee10a308c546eaa","/static/media/convenient.c3c7cb062116ef84e610c5d19442de7c.svg":"564aaf21523277b52d76867c02ef5cc3f328049989ad06c2c5b186f1439e0f69","/static/media/experts.a6ce894e6329ec9ac053c33f04e914c1.svg":"f3534dafc6732e3632343e3fe87e522856192400144298b7514eedabbe3e5688","/static/media/footer-image.e706b058521e01ae9b63.png":"461e8d72623b118f9cb0d76a3ea635e57bb9d5d03d0ccfbc4d8257aab7c839cc","/static/media/guide.0ffa8bed05329f922373b6c334620f17.svg":"88729cdd6c96cff3638e0abd67c58fbc14790bb8c2728f3d0ad6df1959875383","/static/media/location.beaca30d2b8edd750d35b9b219959a1c.svg":"bb620a8fd20d539faa72fb7c621286405c5cba601750c8aaf3e264596b185983","/static/media/logo.16f1ceafdf14d2d7c01c4bfa4214336e.svg":"71bb5c94cf532686a3eac6ba1ff84e009130c73939b153b2d84c4a693cde4476","/static/media/minus 1.8cac10620aa3403e54f6724650f2daf8.svg":"3c4638d2b9ba84f57ccc1d95c701c427fb453f205705c280f309ddcc8953a0cf","/static/media/next.15707d3b033b67430f0bff6c4ac6ef21.svg":"d591a7f3e5975a3973667d30ae52bb40d5ef3844600ab93a9fc96658c95dc38d","/static/media/nile.d4fc687b24a39be7c6ff.png":"d17f31d176edbdf8bed99cd130024afb4cf909199822bc3e01a2e2b4b3637068","/static/media/people.fd432d834da74e66920b63332a4091ff.svg":"faf6233b938cca54ee63cb2dde07476f6dfa6597e489f3cab11379de077ff143","/static/media/personalizedImage.c259d1c10c835243c9e9.png":"224686c807ee3d2e9c1c9565178fa5c9fa3431fd9efac0533e3da266adc9ed91","/static/media/plus 1.70eae8b626ee85b07228464932bf37fb.svg":"cf9fe7e6c127fb672f183aa431d5a0c93232f7c42cdde37fcd579aff82a16e34","/static/media/prev.5751d24d853869522898a962604ae207.svg":"8bffa757555140fde29f48f1c3cf43c4a788e9bd1d311e8d19401249e4330916","/static/media/price.08013a3742651b8f831a13a296ae0a8a.svg":"1a7c18aa30a6b72c02270fab2793e950daa3b154044b4ad5ca2ce84f44e1c016","/static/media/search.a906667526b2686119f8.svg":"243e8f01d8c9034ceb679b3c421886a0b6890ce10934ed7b35e15fa7600abfc3","/static/media/temple.38bed6c68f6c80cbda348a2b3cf5984a.svg":"7e7130bbff0dccbd626f87bf0f506f6702840240f730c427bdaa8cdfe43f7036","/static/media/wallpapersden.54d555ab0b60035cf47d.png":"7e236ecd49391a56e8a5d46ef5c3ada204e0e8065fc30498336a01e45c222be8"}}
[debug] [2023-04-21T17:35:10.323Z] <<< [apiv2][status] POST https://firebasehosting.googleapis.com/v1beta1/projects/813518588211/sites/kmt-tours/versions/365723600544ff94:populateFiles 200
[debug] [2023-04-21T17:35:10.323Z] <<< [apiv2][body] POST https://firebasehosting.googleapis.com/v1beta1/projects/813518588211/sites/kmt-tours/versions/365723600544ff94:populateFiles {"uploadRequiredHashes":["23f4d510536156ca15fa2876d854f6765b1142e0cfcaff8d9e9a6d91384877a9"],"uploadUrl":"https://upload-firebasehosting.googleapis.com/upload/sites/kmt-tours/versions/365723600544ff94/files"}
[debug] [2023-04-21T17:35:10.324Z] >>> [apiv2][query] POST https://upload-firebasehosting.googleapis.com/upload/sites/kmt-tours/versions/365723600544ff94/files/23f4d510536156ca15fa2876d854f6765b1142e0cfcaff8d9e9a6d91384877a9 [none]
[debug] [2023-04-21T17:35:10.325Z] >>> [apiv2][body] POST https://upload-firebasehosting.googleapis.com/upload/sites/kmt-tours/versions/365723600544ff94/files/23f4d510536156ca15fa2876d854f6765b1142e0cfcaff8d9e9a6d91384877a9 [stream]
[debug] [2023-04-21T17:35:10.326Z] [hosting][populate queue][FINAL] {"max":1353,"min":1353,"avg":1353,"active":0,"complete":1,"success":1,"errored":0,"retried":0,"total":1,"elapsed":1355}
[debug] [2023-04-21T17:35:10.326Z] [hosting] uploads queued: 1
[debug] [2023-04-21T17:37:42.495Z] <<< [apiv2][status] POST https://upload-firebasehosting.googleapis.com/upload/sites/kmt-tours/versions/365723600544ff94/files/23f4d510536156ca15fa2876d854f6765b1142e0cfcaff8d9e9a6d91384877a9 200
[debug] [2023-04-21T17:37:42.495Z] <<< [apiv2][body] POST https://upload-firebasehosting.googleapis.com/upload/sites/kmt-tours/versions/365723600544ff94/files/23f4d510536156ca15fa2876d854f6765b1142e0cfcaff8d9e9a6d91384877a9 [stream]
[debug] [2023-04-21T17:37:42.495Z] [hosting][upload queue][FINAL] {"max":152172,"min":152172,"avg":152172,"active":0,"complete":1,"success":1,"errored":0,"retried":0,"total":1,"elapsed":152172}
[info] +  hosting[kmt-tours]: file upload complete 
[debug] [2023-04-21T17:37:42.496Z] [hosting] deploy completed after 153546ms
[debug] [2023-04-21T17:37:42.499Z] [
  {
    "config": {
      "public": "build",
      "ignore": [
        "firebase.json",
        "**/.*",
        "**/node_modules/**"
      ],
      "rewrites": [
        {
          "source": "**",
          "destination": "/index.html"
        }
      ],
      "site": "kmt-tours"
    },
    "version": "projects/813518588211/sites/kmt-tours/versions/365723600544ff94"
  }
]
[info] i  hosting[kmt-tours]: finalizing version... 
[debug] [2023-04-21T17:37:42.502Z] >>> [apiv2][query] PATCH https://firebasehosting.googleapis.com/v1beta1/projects/-/sites/kmt-tours/versions/365723600544ff94 updateMask=status%2Cconfig
[debug] [2023-04-21T17:37:42.502Z] >>> [apiv2][body] PATCH https://firebasehosting.googleapis.com/v1beta1/projects/-/sites/kmt-tours/versions/365723600544ff94 {"status":"FINALIZED","config":{"rewrites":[{"glob":"**","path":"/index.html"}]}}
[debug] [2023-04-21T17:37:48.895Z] <<< [apiv2][status] PATCH https://firebasehosting.googleapis.com/v1beta1/projects/-/sites/kmt-tours/versions/365723600544ff94 200
[debug] [2023-04-21T17:37:48.895Z] <<< [apiv2][body] PATCH https://firebasehosting.googleapis.com/v1beta1/projects/-/sites/kmt-tours/versions/365723600544ff94 {"name":"projects/813518588211/sites/kmt-tours/versions/365723600544ff94","status":"FINALIZED","config":{"rewrites":[{"glob":"**","path":"/index.html"}]},"labels":{"deployment-tool":"cli-firebase"},"createTime":"2023-04-21T17:35:08.100181Z","createUser":{"email":"sofa5060@gmail.com"},"finalizeTime":"2023-04-21T17:37:48.404331Z","finalizeUser":{"email":"sofa5060@gmail.com"}}
[debug] [2023-04-21T17:37:48.895Z] [hosting] finalized version for kmt-tours:[object Object]
[info] +  hosting[kmt-tours]: version finalized 
[info] i  hosting[kmt-tours]: releasing new version... 
[debug] [2023-04-21T17:37:48.896Z] >>> [apiv2][query] POST https://firebasehosting.googleapis.com/v1beta1/projects/-/sites/kmt-tours/channels/live/releases versionName=projects%2F813518588211%2Fsites%2Fkmt-tours%2Fversions%2F365723600544ff94
[debug] [2023-04-21T17:37:48.896Z] >>> [apiv2][body] POST https://firebasehosting.googleapis.com/v1beta1/projects/-/sites/kmt-tours/channels/live/releases {}
[debug] [2023-04-21T17:37:54.069Z] <<< [apiv2][status] POST https://firebasehosting.googleapis.com/v1beta1/projects/-/sites/kmt-tours/channels/live/releases 200
[debug] [2023-04-21T17:37:54.069Z] <<< [apiv2][body] POST https://firebasehosting.googleapis.com/v1beta1/projects/-/sites/kmt-tours/channels/live/releases {"name":"projects/813518588211/sites/kmt-tours/channels/live/releases/1682098672995000","version":{"name":"projects/813518588211/sites/kmt-tours/versions/365723600544ff94","status":"FINALIZED","config":{"rewrites":[{"glob":"**","path":"/index.html"}]},"labels":{"deployment-tool":"cli-firebase"},"createTime":"2023-04-21T17:35:08.100181Z","createUser":{"email":"sofa5060@gmail.com","imageUrl":"https://lh3.googleusercontent.com/a/AGNmyxbSzMV2YGOqJE_Dy6Zu7Iy7jL5osz6Cvza4412zvg"},"finalizeTime":"2023-04-21T17:37:48.404331Z","finalizeUser":{"email":"sofa5060@gmail.com","imageUrl":"https://lh3.googleusercontent.com/a/AGNmyxbSzMV2YGOqJE_Dy6Zu7Iy7jL5osz6Cvza4412zvg"}},"type":"DEPLOY","releaseTime":"2023-04-21T17:37:52.995Z","releaseUser":{"email":"sofa5060@gmail.com","imageUrl":"https://lh3.googleusercontent.com/a/AGNmyxbSzMV2YGOqJE_Dy6Zu7Iy7jL5osz6Cvza4412zvg"}}
[debug] [2023-04-21T17:37:54.069Z] [hosting] release: {"name":"projects/813518588211/sites/kmt-tours/channels/live/releases/1682098672995000","version":{"name":"projects/813518588211/sites/kmt-tours/versions/365723600544ff94","status":"FINALIZED","config":{"rewrites":[{"glob":"**","path":"/index.html"}]},"labels":{"deployment-tool":"cli-firebase"},"createTime":"2023-04-21T17:35:08.100181Z","createUser":{"email":"sofa5060@gmail.com","imageUrl":"https://lh3.googleusercontent.com/a/AGNmyxbSzMV2YGOqJE_Dy6Zu7Iy7jL5osz6Cvza4412zvg"},"finalizeTime":"2023-04-21T17:37:48.404331Z","finalizeUser":{"email":"sofa5060@gmail.com","imageUrl":"https://lh3.googleusercontent.com/a/AGNmyxbSzMV2YGOqJE_Dy6Zu7Iy7jL5osz6Cvza4412zvg"}},"type":"DEPLOY","releaseTime":"2023-04-21T17:37:52.995Z","releaseUser":{"email":"sofa5060@gmail.com","imageUrl":"https://lh3.googleusercontent.com/a/AGNmyxbSzMV2YGOqJE_Dy6Zu7Iy7jL5osz6Cvza4412zvg"}}
[info] +  hosting[kmt-tours]: release complete 
[info] 
[info] +  Deploy complete! 
[info] 
[info] Project Console: https://console.firebase.google.com/project/kmt-tours/overview
[info] Hosting URL: https://kmt-tours.web.app
[debug] [2023-04-21T17:38:05.472Z] Error: Timed out.
    at Timeout.<anonymous> (C:\Users\sofa5\AppData\Roaming\npm\node_modules\firebase-tools\lib\utils.js:253:49)
    at listOnTimeout (node:internal/timers:564:17)
    at process.processTimers (node:internal/timers:507:7)
[error] 
[error] Error: An unexpected error has occurred.
